G:\CLASSWORK\CSE 470 WORK\ASSIGNMENT #3\ASSIGN 3\ASSIGN 3\DEBUG\CAMERA.OBJ
G:\CLASSWORK\CSE 470 WORK\ASSIGNMENT #3\ASSIGN 3\ASSIGN 3\DEBUG\HMODEL.OBJ
G:\CLASSWORK\CSE 470 WORK\ASSIGNMENT #3\ASSIGN 3\ASSIGN 3\DEBUG\MAIN.OBJ
G:\CLASSWORK\CSE 470 WORK\ASSIGNMENT #3\ASSIGN 3\ASSIGN 3\DEBUG\MESH.OBJ
G:\CLASSWORK\CSE 470 WORK\ASSIGNMENT #3\ASSIGN 3\ASSIGN 3\DEBUG\POINT.OBJ
G:\CLASSWORK\CSE 470 WORK\ASSIGNMENT #3\ASSIGN 3\ASSIGN 3\DEBUG\PROGLOGIC.OBJ
G:\CLASSWORK\CSE 470 WORK\ASSIGNMENT #3\ASSIGN 3\ASSIGN 3\DEBUG\VC110.PDB
G:\CLASSWORK\CSE 470 WORK\ASSIGNMENT #3\ASSIGN 3\ASSIGN 3\DEBUG\FREEGLUT_FONT.OBJ
G:\CLASSWORK\CSE 470 WORK\ASSIGNMENT #3\ASSIGN 3\ASSIGN 3\DEBUG\FREEGLUT_FONT_DATA.OBJ
G:\CLASSWORK\CSE 470 WORK\ASSIGNMENT #3\ASSIGN 3\ASSIGN 3\DEBUG\FREEGLUT_GAMEMODE.OBJ
G:\CLASSWORK\CSE 470 WORK\ASSIGNMENT #3\ASSIGN 3\ASSIGN 3\DEBUG\FREEGLUT_GEOMETRY.OBJ
G:\CLASSWORK\CSE 470 WORK\ASSIGNMENT #3\ASSIGN 3\ASSIGN 3\DEBUG\FREEGLUT_GLUTFONT_DEFINITIONS.OBJ
G:\CLASSWORK\CSE 470 WORK\ASSIGNMENT #3\ASSIGN 3\ASSIGN 3\DEBUG\FREEGLUT_INIT.OBJ
G:\CLASSWORK\CSE 470 WORK\ASSIGNMENT #3\ASSIGN 3\ASSIGN 3\DEBUG\FREEGLUT_JOYSTICK.OBJ
G:\CLASSWORK\CSE 470 WORK\ASSIGNMENT #3\ASSIGN 3\ASSIGN 3\DEBUG\FREEGLUT_MAIN.OBJ
G:\CLASSWORK\CSE 470 WORK\ASSIGNMENT #3\ASSIGN 3\ASSIGN 3\DEBUG\FREEGLUT_MENU.OBJ
G:\CLASSWORK\CSE 470 WORK\ASSIGNMENT #3\ASSIGN 3\ASSIGN 3\DEBUG\FREEGLUT_MISC.OBJ
G:\CLASSWORK\CSE 470 WORK\ASSIGNMENT #3\ASSIGN 3\ASSIGN 3\DEBUG\FREEGLUT_OVERLAY.OBJ
G:\CLASSWORK\CSE 470 WORK\ASSIGNMENT #3\ASSIGN 3\ASSIGN 3\DEBUG\FREEGLUT_STATE.OBJ
G:\CLASSWORK\CSE 470 WORK\ASSIGNMENT #3\ASSIGN 3\ASSIGN 3\DEBUG\FREEGLUT_STROKE_MONO_ROMAN.OBJ
G:\CLASSWORK\CSE 470 WORK\ASSIGNMENT #3\ASSIGN 3\ASSIGN 3\DEBUG\FREEGLUT_STROKE_ROMAN.OBJ
G:\CLASSWORK\CSE 470 WORK\ASSIGNMENT #3\ASSIGN 3\ASSIGN 3\DEBUG\FREEGLUT_STRUCTURE.OBJ
G:\CLASSWORK\CSE 470 WORK\ASSIGNMENT #3\ASSIGN 3\ASSIGN 3\DEBUG\FREEGLUT_TEAPOT.OBJ
G:\CLASSWORK\CSE 470 WORK\ASSIGNMENT #3\ASSIGN 3\ASSIGN 3\DEBUG\FREEGLUT_VIDEORESIZE.OBJ
G:\CLASSWORK\CSE 470 WORK\ASSIGNMENT #3\ASSIGN 3\ASSIGN 3\DEBUG\FREEGLUT_WINDOW.OBJ
G:\CLASSWORK\CSE 470 WORK\ASSIGNMENT #3\ASSIGN 3\ASSIGN 3\DEBUG\GLEW.OBJ
G:\CLASSWORK\CSE 470 WORK\ASSIGNMENT #3\ASSIGN 3\ASSIGN 3\DEBUG\STB_IMAGE.OBJ
G:\CLASSWORK\CSE 470 WORK\ASSIGNMENT #3\ASSIGN 3\ASSIGN 3\DEBUG\FREEGLUT_CALLBACKS.OBJ
G:\CLASSWORK\CSE 470 WORK\ASSIGNMENT #3\ASSIGN 3\ASSIGN 3\DEBUG\FREEGLUT_CURSOR.OBJ
G:\CLASSWORK\CSE 470 WORK\ASSIGNMENT #3\ASSIGN 3\ASSIGN 3\DEBUG\FREEGLUT_DISPLAY.OBJ
G:\CLASSWORK\CSE 470 WORK\ASSIGNMENT #3\ASSIGN 3\ASSIGN 3\DEBUG\FREEGLUT_EXT.OBJ
G:\CLASSWORK\CSE 470 WORK\ASSIGNMENT #3\ASSIGN 3\ASSIGN 3\DEBUG\GLAPPLICATION.OBJ
G:\CLASSWORK\CSE 470 WORK\ASSIGNMENT #3\ASSIGN 3\ASSIGN 3\DEBUG\GLSL.OBJ
G:\CLASSWORK\CSE 470 WORK\ASSIGNMENT #3\ASSIGN 3\ASSIGN 3\DEBUG\GLUTWINDOW.OBJ
G:\CLASSWORK\CSE 470 WORK\ASSIGNMENT #3\ASSIGN 3\ASSIGN 3\DEBUG\GLWINDOW.OBJ
G:\CLASSWORK\CSE 470 WORK\ASSIGNMENT #3\ASSIGN 3\DEBUG\ASSIGN 3.ILK
G:\CLASSWORK\CSE 470 WORK\ASSIGNMENT #3\ASSIGN 3\DEBUG\ASSIGN 3.EXE
G:\CLASSWORK\CSE 470 WORK\ASSIGNMENT #3\ASSIGN 3\DEBUG\ASSIGN 3.PDB
G:\Classwork\CSE 470 Work\Assignment #3\Assign 3\Assign 3\Debug\Camera.obj
G:\Classwork\CSE 470 Work\Assignment #3\Assign 3\Assign 3\Debug\freeglut_callbacks.obj
G:\Classwork\CSE 470 Work\Assignment #3\Assign 3\Assign 3\Debug\freeglut_cursor.obj
G:\Classwork\CSE 470 Work\Assignment #3\Assign 3\Assign 3\Debug\freeglut_display.obj
G:\Classwork\CSE 470 Work\Assignment #3\Assign 3\Assign 3\Debug\freeglut_ext.obj
G:\Classwork\CSE 470 Work\Assignment #3\Assign 3\Assign 3\Debug\freeglut_font.obj
G:\Classwork\CSE 470 Work\Assignment #3\Assign 3\Assign 3\Debug\freeglut_font_data.obj
G:\Classwork\CSE 470 Work\Assignment #3\Assign 3\Assign 3\Debug\freeglut_gamemode.obj
G:\Classwork\CSE 470 Work\Assignment #3\Assign 3\Assign 3\Debug\freeglut_geometry.obj
G:\Classwork\CSE 470 Work\Assignment #3\Assign 3\Assign 3\Debug\freeglut_glutfont_definitions.obj
G:\Classwork\CSE 470 Work\Assignment #3\Assign 3\Assign 3\Debug\freeglut_init.obj
G:\Classwork\CSE 470 Work\Assignment #3\Assign 3\Assign 3\Debug\freeglut_joystick.obj
G:\Classwork\CSE 470 Work\Assignment #3\Assign 3\Assign 3\Debug\freeglut_main.obj
G:\Classwork\CSE 470 Work\Assignment #3\Assign 3\Assign 3\Debug\freeglut_menu.obj
G:\Classwork\CSE 470 Work\Assignment #3\Assign 3\Assign 3\Debug\freeglut_misc.obj
G:\Classwork\CSE 470 Work\Assignment #3\Assign 3\Assign 3\Debug\freeglut_overlay.obj
G:\Classwork\CSE 470 Work\Assignment #3\Assign 3\Assign 3\Debug\freeglut_state.obj
G:\Classwork\CSE 470 Work\Assignment #3\Assign 3\Assign 3\Debug\freeglut_stroke_mono_roman.obj
G:\Classwork\CSE 470 Work\Assignment #3\Assign 3\Assign 3\Debug\freeglut_stroke_roman.obj
G:\Classwork\CSE 470 Work\Assignment #3\Assign 3\Assign 3\Debug\freeglut_structure.obj
G:\Classwork\CSE 470 Work\Assignment #3\Assign 3\Assign 3\Debug\freeglut_teapot.obj
G:\Classwork\CSE 470 Work\Assignment #3\Assign 3\Assign 3\Debug\freeglut_videoresize.obj
G:\Classwork\CSE 470 Work\Assignment #3\Assign 3\Assign 3\Debug\freeglut_window.obj
G:\Classwork\CSE 470 Work\Assignment #3\Assign 3\Assign 3\Debug\glApplication.obj
G:\Classwork\CSE 470 Work\Assignment #3\Assign 3\Assign 3\Debug\glew.obj
G:\Classwork\CSE 470 Work\Assignment #3\Assign 3\Assign 3\Debug\glsl.obj
G:\Classwork\CSE 470 Work\Assignment #3\Assign 3\Assign 3\Debug\glutwindow.obj
G:\Classwork\CSE 470 Work\Assignment #3\Assign 3\Assign 3\Debug\glWindow.obj
G:\Classwork\CSE 470 Work\Assignment #3\Assign 3\Assign 3\Debug\HModel.obj
G:\Classwork\CSE 470 Work\Assignment #3\Assign 3\Assign 3\Debug\main.obj
G:\Classwork\CSE 470 Work\Assignment #3\Assign 3\Assign 3\Debug\Point.obj
G:\Classwork\CSE 470 Work\Assignment #3\Assign 3\Assign 3\Debug\ProgLogic.obj
G:\Classwork\CSE 470 Work\Assignment #3\Assign 3\Assign 3\Debug\stb_image.obj
G:\Classwork\CSE 470 Work\Assignment #3\Assign 3\Assign 3\Debug\cl.command.1.tlog
G:\Classwork\CSE 470 Work\Assignment #3\Assign 3\Assign 3\Debug\CL.read.1.tlog
G:\Classwork\CSE 470 Work\Assignment #3\Assign 3\Assign 3\Debug\CL.write.1.tlog
G:\Classwork\CSE 470 Work\Assignment #3\Assign 3\Assign 3\Debug\link-cvtres.read.1.tlog
G:\Classwork\CSE 470 Work\Assignment #3\Assign 3\Assign 3\Debug\link-cvtres.write.1.tlog
G:\Classwork\CSE 470 Work\Assignment #3\Assign 3\Assign 3\Debug\link-rc.read.1.tlog
G:\Classwork\CSE 470 Work\Assignment #3\Assign 3\Assign 3\Debug\link-rc.write.1.tlog
G:\Classwork\CSE 470 Work\Assignment #3\Assign 3\Assign 3\Debug\link.command.1.tlog
G:\Classwork\CSE 470 Work\Assignment #3\Assign 3\Assign 3\Debug\link.read.1.tlog
G:\Classwork\CSE 470 Work\Assignment #3\Assign 3\Assign 3\Debug\link.write.1.tlog
G:\Classwork\CSE 470 Work\Assignment #3\Assign 3\Assign 3\Debug\vc110.idb
G:\Classwork\CSE 470 Work\Assignment #3\Assign 3\Assign 3\Debug\vc110.pdb
G:\Classwork\CSE 470 Work\Assignment #3\Assign 3\Debug\Assign 3.pdb
G:\Classwork\CSE 470 Work\Assignment #3\Assign 3\Debug\Assign 3.exe
G:\Classwork\CSE 470 Work\Assignment #3\Assign 3\Debug\Assign 3.ilk
