G:\CLASSWORK\CSE 470 WORK\ASSIGNMENT #3\ASSIGN3\ASSIGN3\DEBUG\CAMERA.OBJ
G:\CLASSWORK\CSE 470 WORK\ASSIGNMENT #3\ASSIGN3\ASSIGN3\DEBUG\HMODEL.OBJ
G:\CLASSWORK\CSE 470 WORK\ASSIGNMENT #3\ASSIGN3\ASSIGN3\DEBUG\MAIN.OBJ
G:\CLASSWORK\CSE 470 WORK\ASSIGNMENT #3\ASSIGN3\ASSIGN3\DEBUG\MESH.OBJ
G:\CLASSWORK\CSE 470 WORK\ASSIGNMENT #3\ASSIGN3\ASSIGN3\DEBUG\POINT.OBJ
G:\CLASSWORK\CSE 470 WORK\ASSIGNMENT #3\ASSIGN3\ASSIGN3\DEBUG\PROGLOGIC.OBJ
G:\CLASSWORK\CSE 470 WORK\ASSIGNMENT #3\ASSIGN3\ASSIGN3\DEBUG\VC110.PDB
G:\Classwork\CSE 470 Work\Assignment #3\Assign3\Assign3\Debug\Camera.obj
G:\Classwork\CSE 470 Work\Assignment #3\Assign3\Assign3\Debug\HModel.obj
G:\Classwork\CSE 470 Work\Assignment #3\Assign3\Assign3\Debug\main.obj
G:\Classwork\CSE 470 Work\Assignment #3\Assign3\Assign3\Debug\Mesh.obj
G:\Classwork\CSE 470 Work\Assignment #3\Assign3\Assign3\Debug\Point.obj
G:\Classwork\CSE 470 Work\Assignment #3\Assign3\Assign3\Debug\ProgLogic.obj
G:\Classwork\CSE 470 Work\Assignment #3\Assign3\Assign3\Debug\cl.command.1.tlog
G:\Classwork\CSE 470 Work\Assignment #3\Assign3\Assign3\Debug\CL.read.1.tlog
G:\Classwork\CSE 470 Work\Assignment #3\Assign3\Assign3\Debug\CL.write.1.tlog
G:\Classwork\CSE 470 Work\Assignment #3\Assign3\Assign3\Debug\link-cvtres.read.1.tlog
G:\Classwork\CSE 470 Work\Assignment #3\Assign3\Assign3\Debug\link-cvtres.write.1.tlog
G:\Classwork\CSE 470 Work\Assignment #3\Assign3\Assign3\Debug\link-rc.read.1.tlog
G:\Classwork\CSE 470 Work\Assignment #3\Assign3\Assign3\Debug\link-rc.write.1.tlog
G:\Classwork\CSE 470 Work\Assignment #3\Assign3\Assign3\Debug\link.command.1.tlog
G:\Classwork\CSE 470 Work\Assignment #3\Assign3\Assign3\Debug\link.read.1.tlog
G:\Classwork\CSE 470 Work\Assignment #3\Assign3\Assign3\Debug\link.write.1.tlog
G:\Classwork\CSE 470 Work\Assignment #3\Assign3\Assign3\Debug\vc110.idb
G:\Classwork\CSE 470 Work\Assignment #3\Assign3\Assign3\Debug\vc110.pdb
G:\Classwork\CSE 470 Work\Assignment #3\Assign3\Debug\Assign3.pdb
